#
# A fatal error has been detected by the Java Runtime Environment:
#
#  EXCEPTION_ACCESS_VIOLATION (0xc0000005) at pc=0x000000005185a9b2, pid=5972, tid=0x0000000000002c98
#
# JRE version: OpenJDK Runtime Environment (8.0_152-b01) (build 1.8.0_152-release-1343-b01)
# Java VM: OpenJDK 64-Bit Server VM (25.152-b01 mixed mode windows-amd64 compressed oops)
# Problematic frame:
# V  [jvm.dll+0x8a9b2]
#
# Failed to write core dump. Minidumps are not enabled by default on client versions of Windows
#
# If you would like to submit a bug report, please visit:
#   http://bugreport.java.com/bugreport/crash.jsp
#

---------------  T H R E A D  ---------------

Current thread (0x000000000340a800):  GCTaskThread [stack: 0x0000000012e20000,0x0000000012f20000] [id=11416]

siginfo: ExceptionCode=0xc0000005, reading address 0xffffffffffffffff

Registers:
RAX=0xb640102b57003ab6, RBX=0x00000000fd918928, RCX=0x000000002005b818, RDX=0x00000000fd918928
RSP=0x0000000012f1f638, RBP=0x00000000128cd281, RSI=0x00000000034db3c0, RDI=0x00000000c3a4b010
R8 =0x000000002b57003b, R9 =0x000000002005b818, R10=0x0000000000000008, R11=0x00000000f8b54948
R12=0x00000000128cd238, R13=0x12590200bb0a0000, R14=0x0000000000000000, R15=0x0000000003401b20
RIP=0x000000005185a9b2, EFLAGS=0x0000000000010202

Top of Stack: (sp=0x0000000012f1f638)
0x0000000012f1f638:   0000000051b9ca32 00000000fcf1def8
0x0000000012f1f648:   0000000000000003 00000000034db3c0
0x0000000012f1f658:   00000000fda16ec8 00000000f8b4c958
0x0000000012f1f668:   0000000051b9d17b 00000000c5e8a0c8
0x0000000012f1f678:   0000000000000400 0000000000000000
0x0000000012f1f688:   00000000034db300 00000000128cd238
0x0000000012f1f698:   0000000051b9cda0 00000000f8b513b4
0x0000000012f1f6a8:   00000000128cd281 00000000034db3c0
0x0000000012f1f6b8:   00000000c3a4b010 00000000f8b513b4
0x0000000012f1f6c8:   0000000051b9d945 00000000fda0a5d8
0x0000000012f1f6d8:   00000000128cc281 00000000034db3c0
0x0000000012f1f6e8:   0000000000000007 00000000034db3c0
0x0000000012f1f6f8:   00000000034db3c0 00000000c37c86e4
0x0000000012f1f708:   00000000518bf747 00000000034db3c0
0x0000000012f1f718:   00000000518bd903 00000000c3a4ab55
0x0000000012f1f728:   00000000c3a4ab55 00000000c3a4af28 

Instructions: (pc=0x000000005185a9b2)
0x000000005185a992:   e2 49 8d 0c 11 49 f7 d1 48 03 c1 49 c1 e9 03 48
0x000000005185a9a2:   c1 e8 03 41 23 c1 c3 48 8b 02 48 8b d1 49 8b c9
0x000000005185a9b2:   48 ff a0 e8 00 00 00 cc cc cc cc cc cc cc 80 3d
0x000000005185a9c2:   3a 10 73 00 00 48 8b c1 74 1b 8b 51 08 8b 0d 83 


Register to memory mapping:

RAX=0xb640102b57003ab6 is an unknown value
RBX=0x00000000fd918928 is an oop

[error occurred during error reporting (printing register info), id 0xc0000005]

Stack: [0x0000000012e20000,0x0000000012f20000],  sp=0x0000000012f1f638,  free space=1021k
Native frames: (J=compiled Java code, j=interpreted, Vv=VM code, C=native code)
V  [jvm.dll+0x8a9b2]


---------------  P R O C E S S  ---------------

Java Threads: ( => current thread )
  0x000000001d36c000 JavaThread "pool-15-thread-2" [_thread_blocked, id=10412, stack(0x0000000024fd0000,0x00000000250d0000)]
  0x000000001d373000 JavaThread "pool-14-thread-2" [_thread_blocked, id=3732, stack(0x0000000024ed0000,0x0000000024fd0000)]
  0x000000001d372000 JavaThread "pool-14-thread-1" [_thread_blocked, id=7956, stack(0x0000000024dd0000,0x0000000024ed0000)]
  0x000000001d371800 JavaThread "pool-16-thread-2" [_thread_blocked, id=11384, stack(0x0000000024cd0000,0x0000000024dd0000)]
  0x000000001d36a000 JavaThread "pool-16-thread-1" [_thread_blocked, id=6240, stack(0x0000000024bd0000,0x0000000024cd0000)]
  0x000000001d370800 JavaThread "pool-15-thread-1" [_thread_blocked, id=2556, stack(0x0000000024ad0000,0x0000000024bd0000)]
  0x000000001d36a800 JavaThread "ForkJoinPool.commonPool-worker-0" daemon [_thread_blocked, id=6532, stack(0x0000000024660000,0x0000000024760000)]
  0x000000001d370000 JavaThread "ForkJoinPool.commonPool-worker-3" daemon [_thread_blocked, id=3612, stack(0x0000000024360000,0x0000000024460000)]
  0x000000001d368800 JavaThread "ForkJoinPool.commonPool-worker-1" daemon [_thread_blocked, id=7336, stack(0x0000000024460000,0x0000000024560000)]
  0x000000001d36f000 JavaThread "Worker Daemon Execution Thread 2" [_thread_blocked, id=11440, stack(0x0000000023d60000,0x0000000023e60000)]
  0x000000001d36d800 JavaThread "Worker Daemon Execution" [_thread_blocked, id=10552, stack(0x0000000023c60000,0x0000000023d60000)]
  0x000000001ac59800 JavaThread "Cache worker for Java compile cache (C:\Users\UpTop\Desktop\classes library\Android-ZBLibrary-master\.gradle\4.4\javaCompile)" [_thread_blocked, id=6792, stack(0x0000000023760000,0x0000000023860000)]
  0x000000001ac59000 JavaThread "Task worker for ':' Thread 3" [_thread_blocked, id=11456, stack(0x0000000022550000,0x0000000022650000)]
  0x000000001ac58000 JavaThread "Task worker for ':' Thread 2" [_thread_blocked, id=10820, stack(0x0000000022450000,0x0000000022550000)]
  0x000000001ac50000 JavaThread "Task worker for ':'" [_thread_blocked, id=9960, stack(0x0000000022350000,0x0000000022450000)]
  0x000000001ac55000 JavaThread "Cache worker for Build Output Cleanup Cache (C:\Users\UpTop\Desktop\classes library\Android-ZBLibrary-master\.gradle\buildOutputCleanup)" [_thread_blocked, id=7568, stack(0x0000000021c50000,0x0000000021d50000)]
  0x000000001ac56800 JavaThread "Cache worker for task history cache (C:\Users\UpTop\Desktop\classes library\Android-ZBLibrary-master\.gradle\4.4\taskHistory)" [_thread_blocked, id=10700, stack(0x0000000021950000,0x0000000021a50000)]
  0x000000001ac54800 JavaThread "Cache worker for file content cache (C:\Users\UpTop\Desktop\classes library\Android-ZBLibrary-master\.gradle\4.4\fileContent)" [_thread_blocked, id=6672, stack(0x0000000021350000,0x0000000021450000)]
  0x000000001ac4d000 JavaThread "build operations Thread 4" [_thread_blocked, id=9200, stack(0x0000000021050000,0x0000000021150000)]
  0x000000001ac53800 JavaThread "build operations Thread 3" [_thread_blocked, id=10780, stack(0x000000001c3b0000,0x000000001c4b0000)]
  0x000000001ac4f000 JavaThread "build operations Thread 2" [_thread_blocked, id=1792, stack(0x000000001b2e0000,0x000000001b3e0000)]
  0x000000001ac4d800 JavaThread "build operations" [_thread_blocked, id=2504, stack(0x0000000019e10000,0x0000000019f10000)]
  0x000000001ac53000 JavaThread "Cache worker for Artifact transforms cache (C:\Users\UpTop\.gradle\caches\transforms-1)" [_thread_blocked, id=2708, stack(0x0000000019d10000,0x0000000019e10000)]
  0x000000001ac52000 JavaThread "Cache worker for file hash cache (C:\Users\UpTop\Desktop\classes library\Android-ZBLibrary-master\.gradle\4.4\fileHashes)" [_thread_blocked, id=1472, stack(0x0000000019c10000,0x0000000019d10000)]
  0x0000000018d10800 JavaThread "Asynchronous log dispatcher for DefaultDaemonConnection: socket connection from /127.0.0.1:57066 to /127.0.0.1:58261" [_thread_blocked, id=8284, stack(0x0000000019810000,0x0000000019910000)]
  0x0000000018d10000 JavaThread "Daemon worker Thread 5" [_thread_blocked, id=2724, stack(0x0000000019710000,0x0000000019810000)]
  0x0000000018d0e800 JavaThread "Cancel handler" [_thread_blocked, id=10756, stack(0x0000000001690000,0x0000000001790000)]
  0x0000000018d0c000 JavaThread "Handler for socket connection from /127.0.0.1:57066 to /127.0.0.1:58261" [_thread_in_native, id=11552, stack(0x0000000001590000,0x0000000001690000)]
  0x0000000018d0d000 JavaThread "Daemon Thread 5" [_thread_blocked, id=10284, stack(0x0000000001490000,0x0000000001590000)]
  0x0000000018d11800 JavaThread "Memory manager" [_thread_blocked, id=744, stack(0x000000001d4f0000,0x000000001d5f0000)]
  0x00000000187ee000 JavaThread "File lock request listener" [_thread_in_native, id=11044, stack(0x000000001a210000,0x000000001a310000)]
  0x0000000018bbb000 JavaThread "Cache worker for file hash cache (C:\Users\UpTop\.gradle\caches\4.4\fileHashes)" [_thread_blocked, id=11560, stack(0x000000001a110000,0x000000001a210000)]
  0x00000000188a4800 JavaThread "Daemon periodic checks" [_thread_blocked, id=12240, stack(0x0000000019610000,0x0000000019710000)]
  0x0000000018879000 JavaThread "Incoming local TCP Connector on port 57066" [_thread_in_native, id=11480, stack(0x0000000019460000,0x0000000019560000)]
  0x0000000016fad000 JavaThread "Service Thread" daemon [_thread_blocked, id=11944, stack(0x0000000017870000,0x0000000017970000)]
  0x0000000016f7f800 JavaThread "C1 CompilerThread2" daemon [_thread_blocked, id=12204, stack(0x0000000017770000,0x0000000017870000)]
  0x0000000015c1c000 JavaThread "C2 CompilerThread1" daemon [_thread_blocked, id=11712, stack(0x0000000017670000,0x0000000017770000)]
  0x0000000015c19800 JavaThread "C2 CompilerThread0" daemon [_thread_blocked, id=11328, stack(0x0000000017570000,0x0000000017670000)]
  0x0000000015bb7800 JavaThread "Attach Listener" daemon [_thread_blocked, id=11884, stack(0x0000000017470000,0x0000000017570000)]
  0x0000000015bd4000 JavaThread "Signal Dispatcher" daemon [_thread_blocked, id=1896, stack(0x0000000017370000,0x0000000017470000)]
  0x0000000015ba9800 JavaThread "Finalizer" daemon [_thread_blocked, id=7340, stack(0x0000000016e10000,0x0000000016f10000)]
  0x00000000034e2000 JavaThread "Reference Handler" daemon [_thread_blocked, id=11644, stack(0x0000000016d10000,0x0000000016e10000)]
  0x00000000033ee800 JavaThread "main" [_thread_blocked, id=7256, stack(0x00000000032a0000,0x00000000033a0000)]

Other Threads:
  0x0000000015b85800 VMThread [stack: 0x0000000016c10000,0x0000000016d10000] [id=5988]
  0x0000000016fb0000 WatcherThread [stack: 0x0000000017970000,0x0000000017a70000] [id=1900]

=>0x000000000340a800 (exited) GCTaskThread [stack: 0x0000000012e20000,0x0000000012f20000] [id=11416]

VM state:at safepoint (normal execution)

VM Mutex/Monitor currently owned by a thread:  ([mutex/lock_event])
[0x00000000033ec7a0] Threads_lock - owner thread: 0x0000000015b85800
[0x00000000033ec9a0] Heap_lock - owner thread: 0x000000001d370800

Heap:
 PSYoungGen      total 275456K, used 246714K [0x00000000eab00000, 0x00000000ff980000, 0x0000000100000000)
  eden space 208384K, 100% used [0x00000000eab00000,0x00000000f7680000,0x00000000f7680000)
  from space 67072K, 57% used [0x00000000fb800000,0x00000000fdd6eb08,0x00000000ff980000)
  to   space 67072K, 48% used [0x00000000f7680000,0x00000000f9629a38,0x00000000fb800000)
 ParOldGen       total 155136K, used 97736K [0x00000000c0000000, 0x00000000c9780000, 0x00000000eab00000)
  object space 155136K, 63% used [0x00000000c0000000,0x00000000c5f720a0,0x00000000c9780000)
 Metaspace       used 91473K, capacity 97798K, committed 97920K, reserved 1134592K
  class space    used 11500K, capacity 12904K, committed 12928K, reserved 1048576K

Card table byte_map: [0x00000000128b0000,0x0000000012ac0000] byte_map_base: 0x00000000122b0000

Marking Bits: (ParMarkBitMap*) 0x0000000051f95aa0
 Begin Bits: [0x0000000013020000, 0x0000000014020000)
 End Bits:   [0x0000000014020000, 0x0000000015020000)

Polling page: 0x0000000001340000

CodeCache: size=245760Kb used=71337Kb max_used=71337Kb free=174422Kb
 bounds [0x00000000034f0000, 0x0000000007b00000, 0x00000000124f0000]
 total_blobs=19508 nmethods=18648 adapters=772
 compilation: enabled

Compilation events (10 events):
Event: 2525.600 Thread 0x0000000016f7f800 nmethod 24071 0x0000000007af5550 code [0x0000000007af5760, 0x0000000007af61c8]
Event: 2525.600 Thread 0x0000000016f7f800 24070       1       com.android.tools.r8.ir.conversion.IRBuilder$WorklistItem::access$100 (5 bytes)
Event: 2525.600 Thread 0x0000000016f7f800 nmethod 24070 0x0000000007af2110 code [0x0000000007af2260, 0x0000000007af2350]
Event: 2525.601 Thread 0x0000000016f7f800 24072       3       com.android.tools.r8.ir.conversion.IRBuilder::readRegister (127 bytes)
Event: 2525.603 Thread 0x0000000016f7f800 nmethod 24072 0x0000000007af67d0 code [0x0000000007af6a60, 0x0000000007af7d08]
Event: 2525.603 Thread 0x0000000016f7f800 24073       3       com.android.tools.r8.graph.JarApplicationReader::getType (9 bytes)
Event: 2525.604 Thread 0x0000000016f7f800 nmethod 24073 0x0000000007af8610 code [0x0000000007af87c0, 0x0000000007af8d88]
Event: 2525.604 Thread 0x0000000016f7f800 24074       3       com.android.tools.r8.graph.JarApplicationReader::getTypeFromName (32 bytes)
Event: 2525.604 Thread 0x0000000016f7f800 nmethod 24074 0x0000000007af90d0 code [0x0000000007af92c0, 0x0000000007af9bd8]
Event: 2525.614 Thread 0x0000000015c19800 24075       4       com.android.tools.r8.ir.conversion.JarSourceCode::instructionCount (11 bytes)

GC Heap History (10 events):
Event: 2471.330 GC heap after
Heap after GC invocations=29 (full 3):
 PSYoungGen      total 273408K, used 41928K [0x00000000eab00000, 0x0000000100000000, 0x0000000100000000)
  eden space 196096K, 0% used [0x00000000eab00000,0x00000000eab00000,0x00000000f6a80000)
  from space 77312K, 54% used [0x00000000fb480000,0x00000000fdd72060,0x0000000100000000)
  to   space 75776K, 0% used [0x00000000f6a80000,0x00000000f6a80000,0x00000000fb480000)
 ParOldGen       total 155136K, used 82819K [0x00000000c0000000, 0x00000000c9780000, 0x00000000eab00000)
  object space 155136K, 53% used [0x00000000c0000000,0x00000000c50e0d88,0x00000000c9780000)
 Metaspace       used 83903K, capacity 89654K, committed 89728K, reserved 1126400K
  class space    used 10533K, capacity 11830K, committed 11904K, reserved 1048576K
}
Event: 2471.385 GC heap before
{Heap before GC invocations=30 (full 3):
 PSYoungGen      total 273408K, used 237062K [0x00000000eab00000, 0x0000000100000000, 0x0000000100000000)
  eden space 196096K, 99% used [0x00000000eab00000,0x00000000f698fb38,0x00000000f6a80000)
  from space 77312K, 54% used [0x00000000fb480000,0x00000000fdd72060,0x0000000100000000)
  to   space 75776K, 0% used [0x00000000f6a80000,0x00000000f6a80000,0x00000000fb480000)
 ParOldGen       total 155136K, used 82819K [0x00000000c0000000, 0x00000000c9780000, 0x00000000eab00000)
  object space 155136K, 53% used [0x00000000c0000000,0x00000000c50e0d88,0x00000000c9780000)
 Metaspace       used 83908K, capacity 89654K, committed 89728K, reserved 1126400K
  class space    used 10533K, capacity 11830K, committed 11904K, reserved 1048576K
Event: 2471.449 GC heap after
Heap after GC invocations=30 (full 3):
 PSYoungGen      total 236544K, used 39993K [0x00000000eab00000, 0x00000000ff980000, 0x0000000100000000)
  eden space 196096K, 0% used [0x00000000eab00000,0x00000000eab00000,0x00000000f6a80000)
  from space 40448K, 98% used [0x00000000f6a80000,0x00000000f918e5e8,0x00000000f9200000)
  to   space 73216K, 0% used [0x00000000fb200000,0x00000000fb200000,0x00000000ff980000)
 ParOldGen       total 155136K, used 82854K [0x00000000c0000000, 0x00000000c9780000, 0x00000000eab00000)
  object space 155136K, 53% used [0x00000000c0000000,0x00000000c50e99d8,0x00000000c9780000)
 Metaspace       used 83908K, capacity 89654K, committed 89728K, reserved 1126400K
  class space    used 10533K, capacity 11830K, committed 11904K, reserved 1048576K
}
Event: 2471.537 GC heap before
{Heap before GC invocations=31 (full 3):
 PSYoungGen      total 236544K, used 236086K [0x00000000eab00000, 0x00000000ff980000, 0x0000000100000000)
  eden space 196096K, 99% used [0x00000000eab00000,0x00000000f6a7f388,0x00000000f6a80000)
  from space 40448K, 98% used [0x00000000f6a80000,0x00000000f918e5e8,0x00000000f9200000)
  to   space 73216K, 0% used [0x00000000fb200000,0x00000000fb200000,0x00000000ff980000)
 ParOldGen       total 155136K, used 82854K [0x00000000c0000000, 0x00000000c9780000, 0x00000000eab00000)
  object space 155136K, 53% used [0x00000000c0000000,0x00000000c50e99d8,0x00000000c9780000)
 Metaspace       used 83914K, capacity 89654K, committed 89728K, reserved 1126400K
  class space    used 10533K, capacity 11830K, committed 11904K, reserved 1048576K
Event: 2471.612 GC heap after
Heap after GC invocations=31 (full 3):
 PSYoungGen      total 271872K, used 38821K [0x00000000eab00000, 0x0000000100000000, 0x0000000100000000)
  eden space 198656K, 0% used [0x00000000eab00000,0x00000000eab00000,0x00000000f6d00000)
  from space 73216K, 53% used [0x00000000fb200000,0x00000000fd7e9490,0x00000000ff980000)
  to   space 70656K, 0% used [0x00000000f6d00000,0x00000000f6d00000,0x00000000fb200000)
 ParOldGen       total 155136K, used 83820K [0x00000000c0000000, 0x00000000c9780000, 0x00000000eab00000)
  object space 155136K, 54% used [0x00000000c0000000,0x00000000c51db0a8,0x00000000c9780000)
 Metaspace       used 83914K, capacity 89654K, committed 89728K, reserved 1126400K
  class space    used 10533K, capacity 11830K, committed 11904K, reserved 1048576K
}
Event: 2505.263 GC heap before
{Heap before GC invocations=32 (full 3):
 PSYoungGen      total 271872K, used 237477K [0x00000000eab00000, 0x0000000100000000, 0x0000000100000000)
  eden space 198656K, 100% used [0x00000000eab00000,0x00000000f6d00000,0x00000000f6d00000)
  from space 73216K, 53% used [0x00000000fb200000,0x00000000fd7e9490,0x00000000ff980000)
  to   space 70656K, 0% used [0x00000000f6d00000,0x00000000f6d00000,0x00000000fb200000)
 ParOldGen       total 155136K, used 83820K [0x00000000c0000000, 0x00000000c9780000, 0x00000000eab00000)
  object space 155136K, 54% used [0x00000000c0000000,0x00000000c51db0a8,0x00000000c9780000)
 Metaspace       used 84723K, capacity 90614K, committed 90880K, reserved 1128448K
  class space    used 10666K, capacity 11974K, committed 12032K, reserved 1048576K
Event: 2505.345 GC heap after
Heap after GC invocations=32 (full 3):
 PSYoungGen      total 269312K, used 43540K [0x00000000eab00000, 0x00000000ffc80000, 0x0000000100000000)
  eden space 198656K, 0% used [0x00000000eab00000,0x00000000eab00000,0x00000000f6d00000)
  from space 70656K, 61% used [0x00000000f6d00000,0x00000000f97853c0,0x00000000fb200000)
  to   space 70144K, 0% used [0x00000000fb800000,0x00000000fb800000,0x00000000ffc80000)
 ParOldGen       total 155136K, used 84012K [0x00000000c0000000, 0x00000000c9780000, 0x00000000eab00000)
  object space 155136K, 54% used [0x00000000c0000000,0x00000000c520b0b8,0x00000000c9780000)
 Metaspace       used 84723K, capacity 90614K, committed 90880K, reserved 1128448K
  class space    used 10666K, capacity 11974K, committed 12032K, reserved 1048576K
}
Event: 2514.203 GC heap before
{Heap before GC invocations=33 (full 3):
 PSYoungGen      total 269312K, used 242196K [0x00000000eab00000, 0x00000000ffc80000, 0x0000000100000000)
  eden space 198656K, 100% used [0x00000000eab00000,0x00000000f6d00000,0x00000000f6d00000)
  from space 70656K, 61% used [0x00000000f6d00000,0x00000000f97853c0,0x00000000fb200000)
  to   space 70144K, 0% used [0x00000000fb800000,0x00000000fb800000,0x00000000ffc80000)
 ParOldGen       total 155136K, used 84012K [0x00000000c0000000, 0x00000000c9780000, 0x00000000eab00000)
  object space 155136K, 54% used [0x00000000c0000000,0x00000000c520b0b8,0x00000000c9780000)
 Metaspace       used 85828K, capacity 91790K, committed 92032K, reserved 1128448K
  class space    used 10750K, capacity 12071K, committed 12160K, reserved 1048576K
Event: 2514.294 GC heap after
Heap after GC invocations=33 (full 3):
 PSYoungGen      total 275456K, used 38330K [0x00000000eab00000, 0x00000000ff980000, 0x0000000100000000)
  eden space 208384K, 0% used [0x00000000eab00000,0x00000000eab00000,0x00000000f7680000)
  from space 67072K, 57% used [0x00000000fb800000,0x00000000fdd6eb08,0x00000000ff980000)
  to   space 67072K, 0% used [0x00000000f7680000,0x00000000f7680000,0x00000000fb800000)
 ParOldGen       total 155136K, used 91202K [0x00000000c0000000, 0x00000000c9780000, 0x00000000eab00000)
  object space 155136K, 58% used [0x00000000c0000000,0x00000000c5910b90,0x00000000c9780000)
 Metaspace       used 85828K, capacity 91790K, committed 92032K, reserved 1128448K
  class space    used 10750K, capacity 12071K, committed 12160K, reserved 1048576K
}
Event: 2525.614 GC heap before
{Heap before GC invocations=34 (full 3):
 PSYoungGen      total 275456K, used 246714K [0x00000000eab00000, 0x00000000ff980000, 0x0000000100000000)
  eden space 208384K, 100% used [0x00000000eab00000,0x00000000f7680000,0x00000000f7680000)
  from space 67072K, 57% used [0x00000000fb800000,0x00000000fdd6eb08,0x00000000ff980000)
  to   space 67072K, 0% used [0x00000000f7680000,0x00000000f7680000,0x00000000fb800000)
 ParOldGen       total 155136K, used 91202K [0x00000000c0000000, 0x00000000c9780000, 0x00000000eab00000)
  object space 155136K, 58% used [0x00000000c0000000,0x00000000c5910b90,0x00000000c9780000)
 Metaspace       used 91473K, capacity 97798K, committed 97920K, reserved 1134592K
  class space    used 11500K, capacity 12904K, committed 12928K, reserved 1048576K

Deoptimization events (10 events):
Event: 2524.105 Thread 0x000000001d370800 Uncommon trap: reason=bimorphic action=maybe_recompile pc=0x000000000681db0c method=java.util.concurrent.FutureTask.run()V @ 42
Event: 2524.106 Thread 0x000000001d371800 Uncommon trap: reason=bimorphic action=maybe_recompile pc=0x000000000681db0c method=java.util.concurrent.FutureTask.run()V @ 42
Event: 2524.106 Thread 0x000000001d36a000 Uncommon trap: reason=bimorphic action=maybe_recompile pc=0x000000000681db0c method=java.util.concurrent.FutureTask.run()V @ 42
Event: 2524.124 Thread 0x000000001d372000 Uncommon trap: reason=bimorphic action=maybe_recompile pc=0x000000000681db0c method=java.util.concurrent.FutureTask.run()V @ 42
Event: 2524.124 Thread 0x000000001d36c000 Uncommon trap: reason=bimorphic action=maybe_recompile pc=0x000000000681db0c method=java.util.concurrent.FutureTask.run()V @ 42
Event: 2524.135 Thread 0x000000001d373000 Uncommon trap: reason=unstable_if action=reinterpret pc=0x0000000007a7fb18 method=java.util.concurrent.ConcurrentHashMap.computeIfAbsent(Ljava/lang/Object;Ljava/util/function/Function;)Ljava/lang/Object; @ 234
Event: 2524.163 Thread 0x000000001d36c000 Uncommon trap: reason=unstable_if action=reinterpret pc=0x0000000007a7fb18 method=java.util.concurrent.ConcurrentHashMap.computeIfAbsent(Ljava/lang/Object;Ljava/util/function/Function;)Ljava/lang/Object; @ 234
Event: 2525.149 Thread 0x000000001d36a000 Uncommon trap: reason=unstable_if action=reinterpret pc=0x0000000005838838 method=java.util.WeakHashMap.remove(Ljava/lang/Object;)Ljava/lang/Object; @ 94
Event: 2525.308 Thread 0x000000001d36a000 Uncommon trap: reason=class_check action=maybe_recompile pc=0x000000000644ca6c method=java.util.stream.StreamOpFlag.fromCharacteristics(Ljava/util/Spliterator;)I @ 14
Event: 2525.467 Thread 0x000000001d36c000 Uncommon trap: reason=bimorphic action=maybe_recompile pc=0x0000000004ce71ec method=java.util.LinkedList.remove(Ljava/lang/Object;)Z @ 53

Classes redefined (0 events):
No events

Internal exceptions (10 events):
Event: 2525.064 Thread 0x000000001ac50000 Exception <a 'sun/nio/fs/WindowsException'> (0x00000000f6c0d238) thrown at [D:\src\AOSP-openjdk-cygwin\jdk8u\hotspot\src\share\vm\prims\jni.cpp, line 709]
Event: 2525.065 Thread 0x000000001ac50000 Exception <a 'sun/nio/fs/WindowsException'> (0x00000000f6c0dd88) thrown at [D:\src\AOSP-openjdk-cygwin\jdk8u\hotspot\src\share\vm\prims\jni.cpp, line 709]
Event: 2525.065 Thread 0x000000001ac50000 Exception <a 'sun/nio/fs/WindowsException'> (0x00000000f6c0f2e0) thrown at [D:\src\AOSP-openjdk-cygwin\jdk8u\hotspot\src\share\vm\prims\jni.cpp, line 709]
Event: 2525.133 Thread 0x000000001ac50000 Exception <a 'sun/nio/fs/WindowsException'> (0x00000000f6c3d728) thrown at [D:\src\AOSP-openjdk-cygwin\jdk8u\hotspot\src\share\vm\prims\jni.cpp, line 709]
Event: 2525.133 Thread 0x000000001ac50000 Exception <a 'sun/nio/fs/WindowsException'> (0x00000000f6c3e278) thrown at [D:\src\AOSP-openjdk-cygwin\jdk8u\hotspot\src\share\vm\prims\jni.cpp, line 709]
Event: 2525.133 Thread 0x000000001ac50000 Exception <a 'sun/nio/fs/WindowsException'> (0x00000000f6c3f7d0) thrown at [D:\src\AOSP-openjdk-cygwin\jdk8u\hotspot\src\share\vm\prims\jni.cpp, line 709]
Event: 2525.166 Thread 0x000000001ac50000 Exception <a 'sun/nio/fs/WindowsException'> (0x00000000f6c71758) thrown at [D:\src\AOSP-openjdk-cygwin\jdk8u\hotspot\src\share\vm\prims\jni.cpp, line 709]
Event: 2525.167 Thread 0x000000001ac50000 Exception <a 'sun/nio/fs/WindowsException'> (0x00000000f6c722a8) thrown at [D:\src\AOSP-openjdk-cygwin\jdk8u\hotspot\src\share\vm\prims\jni.cpp, line 709]
Event: 2525.167 Thread 0x000000001ac50000 Exception <a 'sun/nio/fs/WindowsException'> (0x00000000f6c73800) thrown at [D:\src\AOSP-openjdk-cygwin\jdk8u\hotspot\src\share\vm\prims\jni.cpp, line 709]
Event: 2525.200 Thread 0x000000001ac50000 Exception <a 'sun/nio/fs/WindowsException'> (0x00000000f6cbdf50) thrown at [D:\src\AOSP-openjdk-cygwin\jdk8u\hotspot\src\share\vm\prims\jni.cpp, line 709]

Events (10 events):
Event: 2525.599 loading class com/android/tools/r8/code/SgetObject done
Event: 2525.599 loading class com/android/tools/r8/code/SgetBoolean
Event: 2525.599 loading class com/android/tools/r8/code/SgetBoolean done
Event: 2525.599 loading class com/android/tools/r8/code/SgetByte
Event: 2525.599 loading class com/android/tools/r8/code/SgetByte done
Event: 2525.600 loading class com/android/tools/r8/code/SgetChar
Event: 2525.600 loading class com/android/tools/r8/code/SgetChar done
Event: 2525.600 loading class com/android/tools/r8/code/SgetShort
Event: 2525.600 loading class com/android/tools/r8/code/SgetShort done
Event: 2525.614 Executing VM operation: ParallelGCFailedAllocation


Dynamic libraries:
0x00007ff67f850000 - 0x00007ff67f881000 	C:\Program Files\Android\Android Studio\jre\bin\java.exe
0x00007ffb71be0000 - 0x00007ffb71dd0000 	C:\Windows\SYSTEM32\ntdll.dll
0x00007ffb70020000 - 0x00007ffb700d2000 	C:\Windows\System32\KERNEL32.DLL
0x00007ffb6f590000 - 0x00007ffb6f832000 	C:\Windows\System32\KERNELBASE.dll
0x00007ffb71af0000 - 0x00007ffb71b93000 	C:\Windows\System32\ADVAPI32.dll
0x00007ffb6fd10000 - 0x00007ffb6fdae000 	C:\Windows\System32\msvcrt.dll
0x00007ffb71870000 - 0x00007ffb71907000 	C:\Windows\System32\sechost.dll
0x00007ffb6ff00000 - 0x00007ffb70020000 	C:\Windows\System32\RPCRT4.dll
0x00007ffb70ed0000 - 0x00007ffb71063000 	C:\Windows\System32\USER32.dll
0x00007ffb6f560000 - 0x00007ffb6f581000 	C:\Windows\System32\win32u.dll
0x00007ffb71910000 - 0x00007ffb71936000 	C:\Windows\System32\GDI32.dll
0x00007ffb6f3c0000 - 0x00007ffb6f554000 	C:\Windows\System32\gdi32full.dll
0x00007ffb6fb70000 - 0x00007ffb6fc0e000 	C:\Windows\System32\msvcp_win.dll
0x00007ffb6fa70000 - 0x00007ffb6fb6a000 	C:\Windows\System32\ucrtbase.dll
0x00007ffb63ea0000 - 0x00007ffb64125000 	C:\Windows\WinSxS\amd64_microsoft.windows.common-controls_6595b64144ccf1df_6.0.18362.30_none_a1435978519dce7f\COMCTL32.dll
0x00007ffb709c0000 - 0x00007ffb70cf6000 	C:\Windows\System32\combase.dll
0x00007ffb6fc10000 - 0x00007ffb6fc91000 	C:\Windows\System32\bcryptPrimitives.dll
0x00007ffb70ea0000 - 0x00007ffb70ece000 	C:\Windows\System32\IMM32.DLL
0x00000000513f0000 - 0x00000000514c2000 	C:\Program Files\Android\Android Studio\jre\jre\bin\msvcr100.dll
0x00000000517d0000 - 0x0000000052011000 	C:\Program Files\Android\Android Studio\jre\jre\bin\server\jvm.dll
0x00007ffb6fef0000 - 0x00007ffb6fef8000 	C:\Windows\System32\PSAPI.DLL
0x00007ffb5ed10000 - 0x00007ffb5ed19000 	C:\Windows\SYSTEM32\WSOCK32.dll
0x00007ffb70d00000 - 0x00007ffb70d6f000 	C:\Windows\System32\WS2_32.dll
0x00007ffb68990000 - 0x00007ffb6899a000 	C:\Windows\SYSTEM32\VERSION.dll
0x00007ffb6b7a0000 - 0x00007ffb6b7c4000 	C:\Windows\SYSTEM32\WINMM.dll
0x00007ffb6b770000 - 0x00007ffb6b79d000 	C:\Windows\SYSTEM32\winmmbase.dll
0x00007ffb6eb70000 - 0x00007ffb6ebba000 	C:\Windows\System32\cfgmgr32.dll
0x00007ffb6b7f0000 - 0x00007ffb6b7ff000 	C:\Program Files\Android\Android Studio\jre\jre\bin\verify.dll
0x00007ffb6b480000 - 0x00007ffb6b4a9000 	C:\Program Files\Android\Android Studio\jre\jre\bin\java.dll
0x00007ffb6b430000 - 0x00007ffb6b446000 	C:\Program Files\Android\Android Studio\jre\jre\bin\zip.dll
0x00007ffb702c0000 - 0x00007ffb709a0000 	C:\Windows\System32\SHELL32.dll
0x00007ffb700e0000 - 0x00007ffb70189000 	C:\Windows\System32\shcore.dll
0x00007ffb6ebe0000 - 0x00007ffb6f35b000 	C:\Windows\System32\windows.storage.dll
0x00007ffb6eb50000 - 0x00007ffb6eb6f000 	C:\Windows\System32\profapi.dll
0x00007ffb6eb00000 - 0x00007ffb6eb4a000 	C:\Windows\System32\powrprof.dll
0x00007ffb6eab0000 - 0x00007ffb6eac0000 	C:\Windows\System32\UMPDC.dll
0x00007ffb70e40000 - 0x00007ffb70e92000 	C:\Windows\System32\shlwapi.dll
0x00007ffb6eac0000 - 0x00007ffb6ead1000 	C:\Windows\System32\kernel.appcore.dll
0x00007ffb6ebc0000 - 0x00007ffb6ebd7000 	C:\Windows\System32\cryptsp.dll
0x00007ffb6a1a0000 - 0x00007ffb6a1ba000 	C:\Program Files\Android\Android Studio\jre\jre\bin\net.dll
0x00007ffb6e2f0000 - 0x00007ffb6e357000 	C:\Windows\system32\mswsock.dll
0x00007ffb609a0000 - 0x00007ffb609b1000 	C:\Program Files\Android\Android Studio\jre\jre\bin\nio.dll
0x00007ffb5b9a0000 - 0x00007ffb5b9be000 	C:\Users\UpTop\.gradle\native\25\windows-amd64\native-platform.dll
0x00007ffb6b420000 - 0x00007ffb6b42d000 	C:\Program Files\Android\Android Studio\jre\jre\bin\management.dll
0x00007ffb6deb0000 - 0x00007ffb6dee3000 	C:\Windows\system32\rsaenh.dll
0x00007ffb6f840000 - 0x00007ffb6f866000 	C:\Windows\System32\bcrypt.dll
0x00007ffb6e9d0000 - 0x00007ffb6e9f5000 	C:\Windows\SYSTEM32\USERENV.dll
0x00007ffb6e4c0000 - 0x00007ffb6e4cc000 	C:\Windows\SYSTEM32\CRYPTBASE.dll
0x00007ffb6e050000 - 0x00007ffb6e08a000 	C:\Windows\SYSTEM32\IPHLPAPI.DLL
0x00007ffb713f0000 - 0x00007ffb713f8000 	C:\Windows\System32\NSI.dll
0x00007ffb654a0000 - 0x00007ffb654b6000 	C:\Windows\SYSTEM32\dhcpcsvc6.DLL
0x00007ffb681d0000 - 0x00007ffb681ec000 	C:\Windows\SYSTEM32\dhcpcsvc.DLL
0x00007ffb6e0a0000 - 0x00007ffb6e16a000 	C:\Windows\SYSTEM32\DNSAPI.dll
0x00007ffb6db30000 - 0x00007ffb6db61000 	C:\Windows\SYSTEM32\ntmarta.dll
0x00007ffb5e360000 - 0x00007ffb5e554000 	C:\Windows\SYSTEM32\dbghelp.dll

VM Arguments:
jvm_args: -XX:+HeapDumpOnOutOfMemoryError -Xmx1024m -Dfile.encoding=GBK -Duser.country=CN -Duser.language=zh -Duser.variant 
java_command: org.gradle.launcher.daemon.bootstrap.GradleDaemon 4.4
java_class_path (initial): C:\Users\UpTop\.gradle\wrapper\dists\gradle-4.4-all\9br9xq1tocpiv8o6njlyu5op1\gradle-4.4\lib\gradle-launcher-4.4.jar
Launcher Type: SUN_STANDARD

Environment Variables:
JAVA_HOME=C:\Program Files\Java\jre1.8.0_221
CLASSPATH=.;C:\Program Files\Java\jre1.8.0_221\lib;C:\Program Files\Java\jre1.8.0_221\lib\dt.jar;C:\Program Files\Java\jre1.8.0_221\lib\tools.jar
PATH=C:\Program Files (x86)\Common Files\Oracle\Java\javapath;C:\Program Files (x86)\Java\jre1.8.0_211\bin;C:\Program Files (x86)\Java\jre1.8.0_211\jre\bin;C:\Program Files\NVIDIA Corporation\NVIDIA NvDLISR;C:\Program Files\Git\cmd;C:\Program Files\dotnet\;C:\Program Files\Microsoft SQL Server\130\Tools\Binn\;C:\Program Files\Microsoft SQL Server\Client SDK\ODBC\170\Tools\Binn\;C:\Users\UpTop\AppData\Local\Microsoft\WindowsApps;C:\Users\UpTop\AppData\Local\Android\Sdk\platform-tools;C:\Users\UpTop\AppData\Local\Programs\Microsoft VS Code\bin
USERNAME=UpTop
OS=Windows_NT
PROCESSOR_IDENTIFIER=AMD64 Family 21 Model 2 Stepping 0, AuthenticAMD



---------------  S Y S T E M  ---------------

OS: Windows 10.0 , 64 bit Build 18362 (10.0.18362.1)

CPU:total 4 (initial active 4) (4 cores per cpu, 1 threads per core) family 21 model 2 stepping 0, cmov, cx8, fxsr, mmx, sse, sse2, sse3, ssse3, sse4.1, sse4.2, popcnt, avx, aes, clmul, mmxext, 3dnowpref, lzcnt, sse4a, tsc, tscinvbit, tscinv, bmi1

Memory: 4k page, physical 8370288k(1033568k free), swap 17283184k(2120004k free)

vm_info: OpenJDK 64-Bit Server VM (25.152-b01) for windows-amd64 JRE (1.8.0_152-release-1343-b01), built by "builder" with MS VC++ 10.0 (VS2010)

time: Thu Jul 18 14:47:49 2019
elapsed time: 2525 seconds (0d 0h 42m 5s)

